mode: set
rating-service/internal/utils/calculate.go:3.42,4.23 1 1
rating-service/internal/utils/calculate.go:4.23,6.3 1 1
rating-service/internal/utils/calculate.go:8.2,10.33 2 1
rating-service/internal/utils/calculate.go:10.33,12.3 1 1
rating-service/internal/utils/calculate.go:14.2,14.27 1 1
rating-service/internal/config/config.go:13.21,21.2 1 1
rating-service/internal/service/service.go:14.40,16.2 1 1
rating-service/internal/service/service.go:18.90,24.16 2 1
rating-service/internal/service/service.go:24.16,26.3 1 1
rating-service/internal/service/service.go:28.2,30.38 2 1
rating-service/internal/service/service.go:30.38,32.3 1 1
rating-service/internal/service/service.go:34.2,34.45 1 1
rating-service/internal/service/service.go:38.90,44.16 2 1
rating-service/internal/service/service.go:44.16,46.3 1 1
rating-service/internal/service/service.go:48.2,48.12 1 1
rating-service/internal/handler/handler.go:13.70,17.2 1 1
rating-service/internal/handler/handler.go:19.55,21.2 1 1
rating-service/internal/router/router.go:10.34,20.2 6 1
rating-service/internal/app/app.go:16.32,57.41 15 0
rating-service/internal/app/app.go:57.41,59.3 1 0
rating-service/cmd/main.go:10.13,15.2 3 0
rating-service/internal/grpc/grpc.go:16.34,22.2 4 0
rating-service/internal/grpc/grpc.go:24.44,26.16 2 0
rating-service/internal/grpc/grpc.go:26.16,31.3 1 0
rating-service/internal/grpc/grpc.go:33.2,33.13 1 0
rating-service/internal/consumer/kafka.go:27.101,37.2 1 1
rating-service/internal/consumer/kafka.go:39.51,45.15 2 1
rating-service/internal/consumer/kafka.go:45.15,46.42 1 1
rating-service/internal/consumer/kafka.go:46.42,48.4 1 0
rating-service/internal/consumer/kafka.go:51.2,51.6 1 1
rating-service/internal/consumer/kafka.go:51.6,54.17 3 1
rating-service/internal/consumer/kafka.go:54.17,55.24 1 1
rating-service/internal/consumer/kafka.go:55.24,59.5 2 1
rating-service/internal/consumer/kafka.go:60.4,61.12 2 0
rating-service/internal/consumer/kafka.go:64.3,65.63 2 1
rating-service/internal/consumer/kafka.go:65.63,71.12 2 1
rating-service/internal/consumer/kafka.go:74.3,80.17 3 1
rating-service/internal/consumer/kafka.go:80.17,83.12 2 0
rating-service/internal/consumer/kafka.go:86.3,88.73 2 1
rating-service/internal/consumer/kafka.go:88.73,91.12 2 0
rating-service/internal/consumer/kafka.go:94.3,96.38 1 1
